#
# There is insufficient memory for the Java Runtime Environment to continue.
# Native memory allocation (malloc) failed to allocate 32744 bytes for ChunkPool::allocate
# Possible reasons:
#   The system is out of physical RAM or swap space
#   The process is running with CompressedOops enabled, and the Java Heap may be blocking the growth of the native heap
# Possible solutions:
#   Reduce memory load on the system
#   Increase physical memory or swap space
#   Check if swap backing store is full
#   Decrease Java heap size (-Xmx/-Xms)
#   Decrease number of Java threads
#   Decrease Java thread stack sizes (-Xss)
#   Set larger code cache with -XX:ReservedCodeCacheSize=
#   JVM is running with Unscaled Compressed Oops mode in which the Java heap is
#     placed in the first 4GB address space. The Java Heap base address is the
#     maximum limit for the native heap growth. Please use -XX:HeapBaseMinAddress
#     to set the Java Heap base and to place the Java Heap above 4GB virtual address.
# This output file may be truncated or incomplete.
#
#  Out of Memory Error (allocation.cpp:272), pid=15112, tid=0x0000000000001d34
#
# JRE version: Java(TM) SE Runtime Environment (8.0_301-b09) (build 1.8.0_301-b09)
# Java VM: Java HotSpot(TM) 64-Bit Server VM (25.301-b09 mixed mode windows-amd64 compressed oops)
# Failed to write core dump. Minidumps are not enabled by default on client versions of Windows
#

---------------  T H R E A D  ---------------

Current thread (0x00000203d1242800):  JavaThread "C2 CompilerThread1" daemon [_thread_in_native, id=7476, stack(0x0000003d1a700000,0x0000003d1a800000)]

Stack: [0x0000003d1a700000,0x0000003d1a800000]
Native frames: (J=compiled Java code, j=interpreted, Vv=VM code, C=native code)
V  [jvm.dll+0x32ed79]


Current CompileTask:
C2:   3158 1327       4       java.net.URLStreamHandler::parseURL (1193 bytes)


---------------  P R O C E S S  ---------------

Java Threads: ( => current thread )
  0x00000203d2941800 
[error occurred during error reporting (printing all threads), id 0xc0000005]

VM state:at safepoint (normal execution)

VM Mutex/Monitor currently owned by a thread:  ([mutex/lock_event])
[0x00000203bd14f820] Threads_lock - owner thread: 0x00000203d11f2000
[0x00000203bd1512b0] Heap_lock - owner thread: 0x00000203bd153800

heap address: 0x00000000c2000000, size: 992 MB, Compressed Oops mode: 32-bit
Narrow klass base: 0x0000000000000000, Narrow klass shift: 3
Compressed class space size: 1073741824 Address: 0x0000000100000000

Heap:
 PSYoungGen      total 34304K, used 2549K [0x00000000eb580000, 0x00000000ed980000, 0x0000000100000000)
  eden space 31744K, 0% used [0x00000000eb580000,0x00000000eb580000,0x00000000ed480000)
  from space 2560K, 99% used [0x00000000ed700000,0x00000000ed97d5d0,0x00000000ed980000)
  to   space 2560K, 0% used [0x00000000ed480000,0x00000000ed480000,0x00000000ed700000)
 ParOldGen       total 37888K, used 9573K [0x00000000c2000000, 0x00000000c4500000, 0x00000000eb580000)
  object space 37888K, 25% used [0x00000000c2000000,0x00000000c2959788,0x00000000c4500000)
 Metaspace       used 24498K, capacity 24772K, committed 25088K, reserved 1075200K
  class space    used 3430K, capacity 3524K, committed 3584K, reserved 1048576K

Card table byte_map: [0x00000203cdd90000,0x00000203cdf90000] byte_map_base: 0x00000203cd780000

Marking Bits: (ParMarkBitMap*) 0x00000000612b7fe0
 Begin Bits: [0x00000203ce0e0000, 0x00000203cf060000)
 End Bits:   [0x00000203cf060000, 0x00000203cffe0000)

Polling page: 0x00000203bd100000

CodeCache: size=245760Kb used=4477Kb max_used=4488Kb free=241282Kb
 bounds [0x00000203be9d0000, 0x00000203bee40000, 0x00000203cd9d0000]
 total_blobs=1802 nmethods=1326 adapters=388
 compilation: enabled

Compilation events (10 events):
Event: 3.060 Thread 0x00000203d1250000 nmethod 1323 0x00000203bee2af10 code [0x00000203bee2b0c0, 0x00000203bee2b650]
Event: 3.061 Thread 0x00000203d1250000 1324       3       java.util.HashMap::containsKey (18 bytes)
Event: 3.061 Thread 0x00000203d1250000 nmethod 1324 0x00000203bee2a850 code [0x00000203bee2a9e0, 0x00000203bee2ade0]
Event: 3.061 Thread 0x00000203d1250000 1326       3       java.lang.reflect.Constructor::newInstance (87 bytes)
Event: 3.062 Thread 0x00000203d1250000 nmethod 1326 0x00000203bee2f8d0 code [0x00000203bee2fac0, 0x00000203bee301f0]
Event: 3.063 Thread 0x00000203d123d800 nmethod 1315 0x00000203bee33390 code [0x00000203bee33500, 0x00000203bee33848]
Event: 3.066 Thread 0x00000203d1242800 1327       4       java.net.URLStreamHandler::parseURL (1193 bytes)
Event: 3.070 Thread 0x00000203d123d800 1328   !   4       java.net.URLClassLoader::findClass (47 bytes)
Event: 3.073 Thread 0x00000203d123d800 nmethod 1328 0x00000203bee33c10 code [0x00000203bee33da0, 0x00000203bee33f98]
Event: 3.098 Thread 0x00000203d123d800 1329       4       java.net.URLClassLoader$1::run (5 bytes)

GC Heap History (10 events):
Event: 0.844 GC heap after
Heap after GC invocations=3 (full 0):
 PSYoungGen      total 18432K, used 2536K [0x00000000eb580000, 0x00000000ed980000, 0x0000000100000000)
  eden space 15872K, 0% used [0x00000000eb580000,0x00000000eb580000,0x00000000ec500000)
  from space 2560K, 99% used [0x00000000ec500000,0x00000000ec77a310,0x00000000ec780000)
  to   space 2560K, 0% used [0x00000000ed700000,0x00000000ed700000,0x00000000ed980000)
 ParOldGen       total 42496K, used 659K [0x00000000c2000000, 0x00000000c4980000, 0x00000000eb580000)
  object space 42496K, 1% used [0x00000000c2000000,0x00000000c20a4f38,0x00000000c4980000)
 Metaspace       used 9524K, capacity 9666K, committed 9728K, reserved 1058816K
  class space    used 1178K, capacity 1241K, committed 1280K, reserved 1048576K
}
Event: 1.476 GC heap before
{Heap before GC invocations=4 (full 0):
 PSYoungGen      total 18432K, used 18408K [0x00000000eb580000, 0x00000000ed980000, 0x0000000100000000)
  eden space 15872K, 100% used [0x00000000eb580000,0x00000000ec500000,0x00000000ec500000)
  from space 2560K, 99% used [0x00000000ec500000,0x00000000ec77a310,0x00000000ec780000)
  to   space 2560K, 0% used [0x00000000ed700000,0x00000000ed700000,0x00000000ed980000)
 ParOldGen       total 42496K, used 659K [0x00000000c2000000, 0x00000000c4980000, 0x00000000eb580000)
  object space 42496K, 1% used [0x00000000c2000000,0x00000000c20a4f38,0x00000000c4980000)
 Metaspace       used 13802K, capacity 14044K, committed 14336K, reserved 1060864K
  class space    used 1856K, capacity 1946K, committed 2048K, reserved 1048576K
Event: 1.483 GC heap after
Heap after GC invocations=4 (full 0):
 PSYoungGen      total 34304K, used 2534K [0x00000000eb580000, 0x00000000ed980000, 0x0000000100000000)
  eden space 31744K, 0% used [0x00000000eb580000,0x00000000eb580000,0x00000000ed480000)
  from space 2560K, 98% used [0x00000000ed700000,0x00000000ed9798f8,0x00000000ed980000)
  to   space 2560K, 0% used [0x00000000ed480000,0x00000000ed480000,0x00000000ed700000)
 ParOldGen       total 42496K, used 3013K [0x00000000c2000000, 0x00000000c4980000, 0x00000000eb580000)
  object space 42496K, 7% used [0x00000000c2000000,0x00000000c22f14d8,0x00000000c4980000)
 Metaspace       used 13802K, capacity 14044K, committed 14336K, reserved 1060864K
  class space    used 1856K, capacity 1946K, committed 2048K, reserved 1048576K
}
Event: 2.424 GC heap before
{Heap before GC invocations=5 (full 0):
 PSYoungGen      total 34304K, used 31301K [0x00000000eb580000, 0x00000000ed980000, 0x0000000100000000)
  eden space 31744K, 90% used [0x00000000eb580000,0x00000000ed197d80,0x00000000ed480000)
  from space 2560K, 98% used [0x00000000ed700000,0x00000000ed9798f8,0x00000000ed980000)
  to   space 2560K, 0% used [0x00000000ed480000,0x00000000ed480000,0x00000000ed700000)
 ParOldGen       total 42496K, used 3013K [0x00000000c2000000, 0x00000000c4980000, 0x00000000eb580000)
  object space 42496K, 7% used [0x00000000c2000000,0x00000000c22f14d8,0x00000000c4980000)
 Metaspace       used 20816K, capacity 21030K, committed 21296K, reserved 1067008K
  class space    used 2777K, capacity 2865K, committed 2944K, reserved 1048576K
Event: 2.442 GC heap after
Heap after GC invocations=5 (full 0):
 PSYoungGen      total 34304K, used 2534K [0x00000000eb580000, 0x00000000ed980000, 0x0000000100000000)
  eden space 31744K, 0% used [0x00000000eb580000,0x00000000eb580000,0x00000000ed480000)
  from space 2560K, 98% used [0x00000000ed480000,0x00000000ed6f9968,0x00000000ed700000)
  to   space 2560K, 0% used [0x00000000ed700000,0x00000000ed700000,0x00000000ed980000)
 ParOldGen       total 42496K, used 8904K [0x00000000c2000000, 0x00000000c4980000, 0x00000000eb580000)
  object space 42496K, 20% used [0x00000000c2000000,0x00000000c28b2018,0x00000000c4980000)
 Metaspace       used 20816K, capacity 21030K, committed 21296K, reserved 1067008K
  class space    used 2777K, capacity 2865K, committed 2944K, reserved 1048576K
}
Event: 2.442 GC heap before
{Heap before GC invocations=6 (full 1):
 PSYoungGen      total 34304K, used 2534K [0x00000000eb580000, 0x00000000ed980000, 0x0000000100000000)
  eden space 31744K, 0% used [0x00000000eb580000,0x00000000eb580000,0x00000000ed480000)
  from space 2560K, 98% used [0x00000000ed480000,0x00000000ed6f9968,0x00000000ed700000)
  to   space 2560K, 0% used [0x00000000ed700000,0x00000000ed700000,0x00000000ed980000)
 ParOldGen       total 42496K, used 8904K [0x00000000c2000000, 0x00000000c4980000, 0x00000000eb580000)
  object space 42496K, 20% used [0x00000000c2000000,0x00000000c28b2018,0x00000000c4980000)
 Metaspace       used 20816K, capacity 21030K, committed 21296K, reserved 1067008K
  class space    used 2777K, capacity 2865K, committed 2944K, reserved 1048576K
Event: 2.526 GC heap after
Heap after GC invocations=6 (full 1):
 PSYoungGen      total 34304K, used 0K [0x00000000eb580000, 0x00000000ed980000, 0x0000000100000000)
  eden space 31744K, 0% used [0x00000000eb580000,0x00000000eb580000,0x00000000ed480000)
  from space 2560K, 0% used [0x00000000ed480000,0x00000000ed480000,0x00000000ed700000)
  to   space 2560K, 0% used [0x00000000ed700000,0x00000000ed700000,0x00000000ed980000)
 ParOldGen       total 37888K, used 8276K [0x00000000c2000000, 0x00000000c4500000, 0x00000000eb580000)
  object space 37888K, 21% used [0x00000000c2000000,0x00000000c28150e8,0x00000000c4500000)
 Metaspace       used 20816K, capacity 21030K, committed 21296K, reserved 1067008K
  class space    used 2777K, capacity 2865K, committed 2944K, reserved 1048576K
}
Event: 3.136 GC heap before
{Heap before GC invocations=7 (full 1):
 PSYoungGen      total 34304K, used 21247K [0x00000000eb580000, 0x00000000ed980000, 0x0000000100000000)
  eden space 31744K, 66% used [0x00000000eb580000,0x00000000eca3fed8,0x00000000ed480000)
  from space 2560K, 0% used [0x00000000ed480000,0x00000000ed480000,0x00000000ed700000)
  to   space 2560K, 0% used [0x00000000ed700000,0x00000000ed700000,0x00000000ed980000)
 ParOldGen       total 37888K, used 8276K [0x00000000c2000000, 0x00000000c4500000, 0x00000000eb580000)
  object space 37888K, 21% used [0x00000000c2000000,0x00000000c28150e8,0x00000000c4500000)
 Metaspace       used 24498K, capacity 24772K, committed 25088K, reserved 1075200K
  class space    used 3430K, capacity 3524K, committed 3584K, reserved 1048576K
Event: 3.140 GC heap after
Heap after GC invocations=7 (full 1):
 PSYoungGen      total 34304K, used 2549K [0x00000000eb580000, 0x00000000ed980000, 0x0000000100000000)
  eden space 31744K, 0% used [0x00000000eb580000,0x00000000eb580000,0x00000000ed480000)
  from space 2560K, 99% used [0x00000000ed700000,0x00000000ed97d5d0,0x00000000ed980000)
  to   space 2560K, 0% used [0x00000000ed480000,0x00000000ed480000,0x00000000ed700000)
 ParOldGen       total 37888K, used 9573K [0x00000000c2000000, 0x00000000c4500000, 0x00000000eb580000)
  object space 37888K, 25% used [0x00000000c2000000,0x00000000c2959788,0x00000000c4500000)
 Metaspace       used 24498K, capacity 24772K, committed 25088K, reserved 1075200K
  class space    used 3430K, capacity 3524K, committed 3584K, reserved 1048576K
}
Event: 3.140 GC heap before
{Heap before GC invocations=8 (full 2):
 PSYoungGen      total 34304K, used 2549K [0x00000000eb580000, 0x00000000ed980000, 0x0000000100000000)
  eden space 31744K, 0% used [0x00000000eb580000,0x00000000eb580000,0x00000000ed480000)
  from space 2560K, 99% used [0x00000000ed700000,0x00000000ed97d5d0,0x00000000ed980000)
  to   space 2560K, 0% used [0x00000000ed480000,0x00000000ed480000,0x00000000ed700000)
 ParOldGen       total 37888K, used 9573K [0x00000000c2000000, 0x00000000c4500000, 0x00000000eb580000)
  object space 37888K, 25% used [0x00000000c2000000,0x00000000c2959788,0x00000000c4500000)
 Metaspace       used 24498K, capacity 24772K, committed 25088K, reserved 1075200K
  class space    used 3430K, capacity 3524K, committed 3584K, reserved 1048576K

Deoptimization events (7 events):
Event: 1.063 Thread 0x00000203bd153800 Uncommon trap: reason=unstable_if action=reinterpret pc=0x00000203bec76ee8 method=java.util.HashMap.getNode(ILjava/lang/Object;)Ljava/util/HashMap$Node; @ 62
Event: 1.063 Thread 0x00000203bd153800 Uncommon trap: reason=unstable_if action=reinterpret pc=0x00000203bec501b4 method=java.util.HashMap.getNode(ILjava/lang/Object;)Ljava/util/HashMap$Node; @ 62
Event: 1.369 Thread 0x00000203bd153800 Uncommon trap: reason=unstable_if action=reinterpret pc=0x00000203bec814c8 method=java.io.WinNTFileSystem.normalize(Ljava/lang/String;)Ljava/lang/String; @ 128
Event: 1.652 Thread 0x00000203bd153800 Uncommon trap: reason=unstable_if action=reinterpret pc=0x00000203bec4a544 method=sun.nio.cs.UTF_8$Decoder.decode([BII[C)I @ 30
Event: 1.737 Thread 0x00000203bd153800 Uncommon trap: reason=unstable_if action=reinterpret pc=0x00000203bece263c method=java.lang.String.regionMatches(ZILjava/lang/String;II)Z @ 123
Event: 1.787 Thread 0x00000203bd153800 Uncommon trap: reason=predicate action=maybe_recompile pc=0x00000203bec80014 method=sun.net.www.ParseUtil.encodePath(Ljava/lang/String;Z)Ljava/lang/String; @ 36
Event: 2.847 Thread 0x00000203bd153800 Uncommon trap: reason=range_check action=make_not_entrant pc=0x00000203bed8d660 method=sun.reflect.generics.parser.SignatureParser.current()C @ 34

Classes redefined (0 events):
No events

Internal exceptions (10 events):
Event: 1.664 Thread 0x00000203bd153800 Exception <a 'java/security/PrivilegedActionException'> (0x00000000ebca0a80) thrown at [C:\jenkins\workspace\8-2-build-windows-amd64-cygwin\jdk8u301\1513\hotspot\src\share\vm\prims\jvm.cpp, line 1523]
Event: 1.664 Thread 0x00000203bd153800 Exception <a 'java/security/PrivilegedActionException'> (0x00000000ebca0e78) thrown at [C:\jenkins\workspace\8-2-build-windows-amd64-cygwin\jdk8u301\1513\hotspot\src\share\vm\prims\jvm.cpp, line 1523]
Event: 1.665 Thread 0x00000203bd153800 Exception <a 'java/security/PrivilegedActionException'> (0x00000000ebca5ec8) thrown at [C:\jenkins\workspace\8-2-build-windows-amd64-cygwin\jdk8u301\1513\hotspot\src\share\vm\prims\jvm.cpp, line 1523]
Event: 1.665 Thread 0x00000203bd153800 Exception <a 'java/security/PrivilegedActionException'> (0x00000000ebca62c0) thrown at [C:\jenkins\workspace\8-2-build-windows-amd64-cygwin\jdk8u301\1513\hotspot\src\share\vm\prims\jvm.cpp, line 1523]
Event: 1.665 Thread 0x00000203bd153800 Exception <a 'java/security/PrivilegedActionException'> (0x00000000ebcab018) thrown at [C:\jenkins\workspace\8-2-build-windows-amd64-cygwin\jdk8u301\1513\hotspot\src\share\vm\prims\jvm.cpp, line 1523]
Event: 1.665 Thread 0x00000203bd153800 Exception <a 'java/security/PrivilegedActionException'> (0x00000000ebcab410) thrown at [C:\jenkins\workspace\8-2-build-windows-amd64-cygwin\jdk8u301\1513\hotspot\src\share\vm\prims\jvm.cpp, line 1523]
Event: 2.025 Thread 0x00000203bd153800 Exception <a 'java/lang/AbstractMethodError': com.mysql.jdbc.JDBC4Connection.getSchema()Ljava/lang/String;> (0x00000000ec3616e8) thrown at [C:\jenkins\workspace\8-2-build-windows-amd64-cygwin\jdk8u301\1513\hotspot\src\share\vm\interpreter\linkResolver.cpp
Event: 2.134 Thread 0x00000203bd153800 Exception <a 'java/lang/ArrayIndexOutOfBoundsException'> (0x00000000ec77b0d8) thrown at [C:\jenkins\workspace\8-2-build-windows-amd64-cygwin\jdk8u301\1513\hotspot\src\share\vm\runtime\sharedRuntime.cpp, line 609]
Event: 2.848 Thread 0x00000203bd153800 Exception <a 'java/lang/ArrayIndexOutOfBoundsException': 22> (0x00000000ebee02b8) thrown at [C:\jenkins\workspace\8-2-build-windows-amd64-cygwin\jdk8u301\1513\hotspot\src\share\vm\interpreter\interpreterRuntime.cpp, line 371]
Event: 2.848 Thread 0x00000203bd153800 Exception <a 'java/lang/ArrayIndexOutOfBoundsException': 160> (0x00000000ebee2478) thrown at [C:\jenkins\workspace\8-2-build-windows-amd64-cygwin\jdk8u301\1513\hotspot\src\share\vm\interpreter\interpreterRuntime.cpp, line 371]

Events (10 events):
Event: 3.131 loading class org/hibernate/loader/OuterJoinLoader done
Event: 3.132 loading class org/hibernate/loader/BasicLoader
Event: 3.132 loading class org/hibernate/loader/BasicLoader done
Event: 3.132 loading class org/hibernate/query/spi/ScrollableResultsImplementor
Event: 3.132 loading class org/hibernate/query/spi/ScrollableResultsImplementor done
Event: 3.133 loading class org/hibernate/ScrollableResults
Event: 3.133 loading class org/hibernate/ScrollableResults done
Event: 3.135 loading class org/hibernate/transform/ResultTransformer
Event: 3.135 loading class org/hibernate/transform/ResultTransformer done
Event: 3.136 Executing VM operation: CollectForMetadataAllocation


Dynamic libraries:
0x00007ff7f56b0000 - 0x00007ff7f56f7000 	C:\Program Files\Java\jre1.8.0_301\bin\javaw.exe
0x00007ffb4c610000 - 0x00007ffb4c805000 	C:\Windows\SYSTEM32\ntdll.dll
0x00007ffb4bf20000 - 0x00007ffb4bfde000 	C:\Windows\System32\KERNEL32.DLL
0x00007ffb4a060000 - 0x00007ffb4a328000 	C:\Windows\System32\KERNELBASE.dll
0x00007ffb4c180000 - 0x00007ffb4c22e000 	C:\Windows\System32\ADVAPI32.dll
0x00007ffb4ae20000 - 0x00007ffb4aebe000 	C:\Windows\System32\msvcrt.dll
0x00007ffb4a730000 - 0x00007ffb4a7cc000 	C:\Windows\System32\sechost.dll
0x00007ffb4bd70000 - 0x00007ffb4be95000 	C:\Windows\System32\RPCRT4.dll
0x00007ffb4bfe0000 - 0x00007ffb4c180000 	C:\Windows\System32\USER32.dll
0x00007ffb4a330000 - 0x00007ffb4a352000 	C:\Windows\System32\win32u.dll
0x00007ffb4c5a0000 - 0x00007ffb4c5ca000 	C:\Windows\System32\GDI32.dll
0x00007ffb4a400000 - 0x00007ffb4a50b000 	C:\Windows\System32\gdi32full.dll
0x00007ffb4a360000 - 0x00007ffb4a3fd000 	C:\Windows\System32\msvcp_win.dll
0x00007ffb49d30000 - 0x00007ffb49e30000 	C:\Windows\System32\ucrtbase.dll
0x00007ffb2d950000 - 0x00007ffb2dbea000 	C:\Windows\WinSxS\amd64_microsoft.windows.common-controls_6595b64144ccf1df_6.0.19041.1110_none_60b5254171f9507e\COMCTL32.dll
0x00007ffb4aec0000 - 0x00007ffb4aef0000 	C:\Windows\System32\IMM32.DLL
0x00007ffb38240000 - 0x00007ffb38255000 	C:\Program Files\Java\jre1.8.0_301\bin\vcruntime140.dll
0x00007ffb2be00000 - 0x00007ffb2be9b000 	C:\Program Files\Java\jre1.8.0_301\bin\msvcp140.dll
0x0000000060ad0000 - 0x0000000061330000 	C:\Program Files\Java\jre1.8.0_301\bin\server\jvm.dll
0x00007ffb4c250000 - 0x00007ffb4c258000 	C:\Windows\System32\PSAPI.DLL
0x00007ffb440c0000 - 0x00007ffb440c9000 	C:\Windows\SYSTEM32\WSOCK32.dll
0x00007ffb2cd80000 - 0x00007ffb2cda7000 	C:\Windows\SYSTEM32\WINMM.dll
0x00007ffb4b890000 - 0x00007ffb4b8fb000 	C:\Windows\System32\WS2_32.dll
0x00007ffb41ad0000 - 0x00007ffb41ada000 	C:\Windows\SYSTEM32\VERSION.dll
0x00007ffb47c50000 - 0x00007ffb47c62000 	C:\Windows\SYSTEM32\kernel.appcore.dll
0x00007ffb45800000 - 0x00007ffb45810000 	C:\Program Files\Java\jre1.8.0_301\bin\verify.dll
0x00007ffb2c3a0000 - 0x00007ffb2c3cb000 	C:\Program Files\Java\jre1.8.0_301\bin\java.dll
0x00007ffb2b4d0000 - 0x00007ffb2b4e8000 	C:\Program Files\Java\jre1.8.0_301\bin\zip.dll
0x00007ffb4b010000 - 0x00007ffb4b754000 	C:\Windows\System32\SHELL32.dll
0x00007ffb47e50000 - 0x00007ffb485e4000 	C:\Windows\SYSTEM32\windows.storage.dll
0x00007ffb4a870000 - 0x00007ffb4abc4000 	C:\Windows\System32\combase.dll
0x00007ffb496d0000 - 0x00007ffb496fc000 	C:\Windows\SYSTEM32\Wldp.dll
0x00007ffb4c260000 - 0x00007ffb4c30d000 	C:\Windows\System32\SHCORE.dll
0x00007ffb4a6d0000 - 0x00007ffb4a725000 	C:\Windows\System32\shlwapi.dll
0x00007ffb49c70000 - 0x00007ffb49c8f000 	C:\Windows\SYSTEM32\profapi.dll
0x00007ffb49620000 - 0x00007ffb49638000 	C:\Windows\SYSTEM32\CRYPTSP.dll
0x00007ffb48db0000 - 0x00007ffb48de4000 	C:\Windows\system32\rsaenh.dll
0x00007ffb49ef0000 - 0x00007ffb49f17000 	C:\Windows\System32\bcrypt.dll
0x00007ffb49c30000 - 0x00007ffb49c5e000 	C:\Windows\SYSTEM32\USERENV.dll
0x00007ffb49f20000 - 0x00007ffb49fa2000 	C:\Windows\System32\bcryptprimitives.dll
0x00007ffb49640000 - 0x00007ffb4964c000 	C:\Windows\SYSTEM32\CRYPTBASE.dll
0x00007ffb446c0000 - 0x00007ffb446dc000 	C:\Program Files\Java\jre1.8.0_301\bin\net.dll
0x00007ffb49430000 - 0x00007ffb4949a000 	C:\Windows\system32\mswsock.dll
0x00007ffb49120000 - 0x00007ffb4915b000 	C:\Windows\SYSTEM32\IPHLPAPI.DLL
0x00007ffb4a7d0000 - 0x00007ffb4a7d8000 	C:\Windows\System32\NSI.dll
0x00007ffb3f110000 - 0x00007ffb3f127000 	C:\Windows\SYSTEM32\dhcpcsvc6.DLL
0x00007ffb3efa0000 - 0x00007ffb3efbd000 	C:\Windows\SYSTEM32\dhcpcsvc.DLL
0x00007ffb49160000 - 0x00007ffb4922b000 	C:\Windows\SYSTEM32\DNSAPI.dll
0x00007ffb41ab0000 - 0x00007ffb41ac3000 	C:\Program Files\Java\jre1.8.0_301\bin\nio.dll
0x00007ffb37b80000 - 0x00007ffb37b8a000 	C:\Windows\System32\rasadhlp.dll
0x00007ffb37bc0000 - 0x00007ffb37c3f000 	C:\Windows\System32\fwpuclnt.dll

VM Arguments:
jvm_args: -Dfile.encoding=UTF-8 
java_command: com.te.backend.backend.one.App
java_class_path (initial): C:\Users\Admin\eclipse-workspace\backend-one\target\classes;C:\Users\Admin\.m2\repository\mysql\mysql-connector-java\5.1.6\mysql-connector-java-5.1.6.jar;C:\Users\Admin\.m2\repository\org\hibernate\hibernate-core\5.4.10.Final\hibernate-core-5.4.10.Final.jar;C:\Users\Admin\.m2\repository\org\jboss\logging\jboss-logging\3.3.2.Final\jboss-logging-3.3.2.Final.jar;C:\Users\Admin\.m2\repository\javax\persistence\javax.persistence-api\2.2\javax.persistence-api-2.2.jar;C:\Users\Admin\.m2\repository\org\javassist\javassist\3.24.0-GA\javassist-3.24.0-GA.jar;C:\Users\Admin\.m2\repository\net\bytebuddy\byte-buddy\1.10.2\byte-buddy-1.10.2.jar;C:\Users\Admin\.m2\repository\antlr\antlr\2.7.7\antlr-2.7.7.jar;C:\Users\Admin\.m2\repository\org\jboss\spec\javax\transaction\jboss-transaction-api_1.2_spec\1.1.1.Final\jboss-transaction-api_1.2_spec-1.1.1.Final.jar;C:\Users\Admin\.m2\repository\org\jboss\jandex\2.1.1.Final\jandex-2.1.1.Final.jar;C:\Users\Admin\.m2\repository\com\fasterxml\classmate\1.5.1\classmate-1.5.1.jar;C:\Users\Admin\.m2\repository\javax\activation\javax.activation-api\1.2.0\javax.activation-api-1.2.0.jar;C:\Users\Admin\.m2\repository\org\dom4j\dom4j\2.1.1\dom4j-2.1.1.jar;C:\Users\Admin\.m2\repository\org\hibernate\common\hibernate-commons-annotations\5.1.0.Final\hibernate-commons-annotations-5.1.0.Final.jar;C:\Users\Admin\.m2\repository\javax\xml\bind\jaxb-api\2.3.1\jaxb-api-2.3.1.jar;C:\Users\Admin\.m2\repository\org\glassfish\jaxb\jaxb-runtime\2.3.1\jaxb-runtime-2.3.1.jar;C:\Users\Admin\.m2\repository\org\glassfish\jaxb\txw2\2.3.1\txw2-2.3.1.jar;C:\Users\Admin\.m2\repository\com\sun\istack\istack-commons-runtime\3.0.7\istack-commons-runtime-3.0.7.jar;C:\Users\Admin\.m2\repository\org\jvnet\staxex\stax-ex\1.8\stax-ex-1.8.jar;C:\Users\Admin\.m2\repository\com\sun\xml\fastinfoset\FastInfoset\1.2.15\FastInfoset-1.2.15.jar;C:\Users\Admin\.m2\repository\org\hibernate\hibernate-entitymanager\5.4.10.Final\hibernate-entitymanager-5.4.10.Final.j
Launcher Type: SUN_STANDARD

Environment Variables:
PATH=C:/Program Files/Java/jre1.8.0_301/bin/server;C:/Program Files/Java/jre1.8.0_301/bin;C:/Program Files/Java/jre1.8.0_301/lib/amd64;C:\Program Files (x86)\Common Files\Oracle\Java\javapath;C:\Program Files\Python310\Scripts\;C:\Program Files\Python310\;C:\Windows\system32;C:\Windows;C:\Windows\System32\Wbem;C:\Windows\System32\WindowsPowerShell\v1.0\;C:\Windows\System32\OpenSSH\;C:\Program Files\Git\cmd;C:\Program Files\nodejs\;C:\Users\Admin\AppData\Local\Microsoft\WindowsApps;;C:\Users\Admin\AppData\Local\Programs\Microsoft VS Code\bin;C:\Users\Admin\AppData\Roaming\npm;C:\Windows\system32;
USERNAME=Admin
OS=Windows_NT
PROCESSOR_IDENTIFIER=Intel64 Family 6 Model 142 Stepping 9, GenuineIntel



---------------  S Y S T E M  ---------------

OS: Windows 10.0 , 64 bit Build 19041 (10.0.19041.1645)

CPU:total 4 (initial active 4) (2 cores per cpu, 2 threads per core) family 6 model 142 stepping 9, cmov, cx8, fxsr, mmx, sse, sse2, sse3, ssse3, sse4.1, sse4.2, popcnt, aes, clmul, erms, 3dnowpref, lzcnt, ht, tsc, tscinvbit

Memory: 4k page, physical 4057484k(378300k free), swap 12470840k(4096k free)

vm_info: Java HotSpot(TM) 64-Bit Server VM (25.301-b09) for windows-amd64 JRE (1.8.0_301-b09), built on Jun  9 2021 06:46:21 by "java_re" with MS VC++ 15.9 (VS2017)

time: Thu May  5 15:25:56 2022
timezone: India Standard Time
elapsed time: 3.166017 seconds (0d 0h 0m 3s)

